ap/build/app/intermediates/manifest_merge_blame_file/debug/manifest-merger-blame-debug-report.txt
1<?xml version="1.0" encoding="utf-8"?>
2<manifest xmlns:android="http://schemas.android.com/apk/res/android"
3    package="com.example.ap"
4    android:versionCode="1"
5    android:versionName="1.0.0" >
6
7    <uses-sdk
8        android:minSdkVersion="19"
9        android:targetSdkVersion="33" />
10    <!--
11         The INTERNET permission is required for development. Specifically,
12         the Flutter tool needs it to communicate with the running application
13         to allow setting breakpoints, to provide hot reload, etc.
14    -->
15    <uses-permission android:name="android.permission.INTERNET" />
15-->src\debug\AndroidManifest.xml:6:5-66
15-->src\debug\AndroidManifest.xml:6:22-64
16    <uses-permission android:name="android.permission.ACCESS_NETWORK_STATE" />
16-->[:firebase_analytics] AndroidManifest.xml:9:5-79
16-->[:firebase_analytics] AndroidManifest.xml:9:22-76
17    <uses-permission android:name="android.permission.WAKE_LOCK" />
17-->[:firebase_analytics] AndroidManifest.xml:11:5-68
17-->[:firebase_analytics] AndroidManifest.xml:11:22-65
18    <uses-permission android:name="com.google.android.gms.permission.AD_ID" />
18-->[com.google.android.gms:play-services-measurement-api:21.5.0] AndroidManifest.xml:25:5-79
18-->[com.google.android.gms:play-services-measurement-api:21.5.0] AndroidManifest.xml:25:22-76
19    <uses-permission android:name="android.permission.ACCESS_ADSERVICES_ATTRIBUTION" />
19-->[com.google.android.gms:play-services-measurement-api:21.5.0] AndroidManifest.xml:26:5-88
19-->[com.google.android.gms:play-services-measurement-api:21.5.0] AndroidManifest.xml:26:22-85
20    <uses-permission android:name="android.permission.ACCESS_ADSERVICES_AD_ID" />
20-->[com.google.android.gms:play-services-measurement-api:21.5.0] AndroidManifest.xml:27:5-82
20-->[com.google.android.gms:play-services-measurement-api:21.5.0] AndroidManifest.xml:27:22-79
21    <uses-permission android:name="com.google.android.finsky.permission.BIND_GET_INSTALL_REFERRER_SERVICE" />
21-->[com.google.android.gms:play-services-measurement:21.5.0] AndroidManifest.xml:26:5-110
21-->[com.google.android.gms:play-services-measurement:21.5.0] AndroidManifest.xml:26:22-107
22
23    <permission
23-->[androidx.core:core:1.9.0] AndroidManifest.xml:22:5-24:47
24        android:name="com.example.ap.DYNAMIC_RECEIVER_NOT_EXPORTED_PERMISSION"
24-->[androidx.core:core:1.9.0] AndroidManifest.xml:23:9-81
25        android:protectionLevel="signature" />
25-->[androidx.core:core:1.9.0] AndroidManifest.xml:24:9-44
26
27    <uses-permission android:name="com.example.ap.DYNAMIC_RECEIVER_NOT_EXPORTED_PERMISSION" />
27-->[androidx.core:core:1.9.0] AndroidManifest.xml:26:5-97
27-->[androidx.core:core:1.9.0] AndroidManifest.xml:26:22-94
28
29    <application
30        android:name="io.flutter.app.FlutterMultiDexApplication"
31        android:appComponentFactory="androidx.core.app.CoreComponentFactory"
31-->[androidx.core:core:1.9.0] AndroidManifest.xml:28:18-86
32        android:debuggable="true"
33        android:icon="@mipmap/ic_launcher"
34        android:label="ap" >
35        <activity
36            android:name="com.example.ap.MainActivity"
37            android:configChanges="orientation|keyboardHidden|keyboard|screenSize|smallestScreenSize|locale|layoutDirection|fontScale|screenLayout|density|uiMode"
38            android:exported="true"
39            android:hardwareAccelerated="true"
40            android:launchMode="singleTop"
41            android:theme="@style/LaunchTheme"
42            android:windowSoftInputMode="adjustResize" >
43
44            <!--
45                 Specifies an Android theme to apply to this Activity as soon as
46                 the Android process has started. This theme is visible to the user
47                 while the Flutter UI initializes. After that, this theme continues
48                 to determine the Window background behind the Flutter UI.
49            -->
50            <meta-data
51                android:name="io.flutter.embedding.android.NormalTheme"
52                android:resource="@style/NormalTheme" />
53
54            <intent-filter>
55                <action android:name="android.intent.action.MAIN" />
56
57                <category android:name="android.intent.category.LAUNCHER" />
58            </intent-filter>
59        </activity>
60        <!--
61             Don't delete the meta-data below.
62             This is used by the Flutter tool to generate GeneratedPluginRegistrant.java
63        -->
64        <meta-data
65            android:name="flutterEmbedding"
66            android:value="2" />
67
68        <service
68-->[:firebase_analytics] AndroidManifest.xml:14:9-18:19
69            android:name="com.google.firebase.components.ComponentDiscoveryService"
69-->[:firebase_analytics] AndroidManifest.xml:14:18-89
70            android:directBootAware="true"
70-->[com.google.firebase:firebase-common:20.4.2] AndroidManifest.xml:32:13-43
71            android:exported="false" >
71-->[com.google.firebase:firebase-auth:22.3.0] AndroidManifest.xml:68:13-37
72            <meta-data
72-->[:firebase_analytics] AndroidManifest.xml:15:13-17:85
73                android:name="com.google.firebase.components:io.flutter.plugins.firebase.analytics.FlutterFirebaseAppRegistrar"
73-->[:firebase_analytics] AndroidManifest.xml:16:17-128
74                android:value="com.google.firebase.components.ComponentRegistrar" />
74-->[:firebase_analytics] AndroidManifest.xml:17:17-82
75            <meta-data
75-->[:firebase_auth] AndroidManifest.xml:11:13-13:85
76                android:name="com.google.firebase.components:io.flutter.plugins.firebase.auth.FlutterFirebaseAuthRegistrar"
76-->[:firebase_auth] AndroidManifest.xml:12:17-124
77                android:value="com.google.firebase.components.ComponentRegistrar" />
77-->[:firebase_auth] AndroidManifest.xml:13:17-82
78            <meta-data
78-->[:firebase_storage] AndroidManifest.xml:11:13-13:85
79                android:name="com.google.firebase.components:io.flutter.plugins.firebase.storage.FlutterFirebaseAppRegistrar"
79-->[:firebase_storage] AndroidManifest.xml:12:17-126
80                android:value="com.google.firebase.components.ComponentRegistrar" />
80-->[:firebase_storage] AndroidManifest.xml:13:17-82
81            <meta-data
81-->[:cloud_firestore] AndroidManifest.xml:11:13-13:85
82                android:name="com.google.firebase.components:io.flutter.plugins.firebase.firestore.FlutterFirebaseFirestoreRegistrar"
82-->[:cloud_firestore] AndroidManifest.xml:12:17-134
83                android:value="com.google.firebase.components.ComponentRegistrar" />
83-->[:cloud_firestore] AndroidManifest.xml:13:17-82
84            <meta-data
84-->[:firebase_core] AndroidManifest.xml:11:13-13:85
85                android:name="com.google.firebase.components:io.flutter.plugins.firebase.core.FlutterFirebaseCoreRegistrar"
85-->[:firebase_core] AndroidManifest.xml:12:17-124
86                android:value="com.google.firebase.components.ComponentRegistrar" />
86-->[:firebase_core] AndroidManifest.xml:13:17-82
87            <meta-data
87-->[com.google.firebase:firebase-auth:22.3.0] AndroidManifest.xml:69:13-71:85
88                android:name="com.google.firebase.components:com.google.firebase.auth.FirebaseAuthRegistrar"
88-->[com.google.firebase:firebase-auth:22.3.0] AndroidManifest.xml:70:17-109
89                android:value="com.google.firebase.components.ComponentRegistrar" />
89-->[com.google.firebase:firebase-auth:22.3.0] AndroidManifest.xml:71:17-82
90            <meta-data
90-->[com.google.firebase:firebase-firestore:24.9.1] AndroidManifest.xml:17:13-19:85
91                android:name="com.google.firebase.components:com.google.firebase.firestore.FirebaseFirestoreKtxRegistrar"
91-->[com.google.firebase:firebase-firestore:24.9.1] AndroidManifest.xml:18:17-122
92                android:value="com.google.firebase.components.ComponentRegistrar" />
92-->[com.google.firebase:firebase-firestore:24.9.1] AndroidManifest.xml:19:17-82
93            <meta-data
93-->[com.google.firebase:firebase-firestore:24.9.1] AndroidManifest.xml:20:13-22:85
94                android:name="com.google.firebase.components:com.google.firebase.firestore.FirestoreRegistrar"
94-->[com.google.firebase:firebase-firestore:24.9.1] AndroidManifest.xml:21:17-111
95                android:value="com.google.firebase.components.ComponentRegistrar" />
95-->[com.google.firebase:firebase-firestore:24.9.1] AndroidManifest.xml:22:17-82
96            <meta-data
96-->[com.google.firebase:firebase-storage:20.3.0] AndroidManifest.xml:30:13-32:85
97                android:name="com.google.firebase.components:com.google.firebase.storage.FirebaseStorageKtxRegistrar"
97-->[com.google.firebase:firebase-storage:20.3.0] AndroidManifest.xml:31:17-118
98                android:value="com.google.firebase.components.ComponentRegistrar" />
98-->[com.google.firebase:firebase-storage:20.3.0] AndroidManifest.xml:32:17-82
99            <meta-data
99-->[com.google.firebase:firebase-storage:20.3.0] AndroidManifest.xml:33:13-35:85
100                android:name="com.google.firebase.components:com.google.firebase.storage.StorageRegistrar"
100-->[com.google.firebase:firebase-storage:20.3.0] AndroidManifest.xml:34:17-107
101                android:value="com.google.firebase.components.ComponentRegistrar" />
101-->[com.google.firebase:firebase-storage:20.3.0] AndroidManifest.xml:35:17-82
102            <meta-data
102-->[com.google.android.gms:play-services-measurement-api:21.5.0] AndroidManifest.xml:37:13-39:85
103                android:name="com.google.firebase.components:com.google.firebase.analytics.connector.internal.AnalyticsConnectorRegistrar"
103-->[com.google.android.gms:play-services-measurement-api:21.5.0] AndroidManifest.xml:38:17-139
104                android:value="com.google.firebase.components.ComponentRegistrar" />
104-->[com.google.android.gms:play-services-measurement-api:21.5.0] AndroidManifest.xml:39:17-82
105            <meta-data
105-->[com.google.firebase:firebase-appcheck:17.1.1] AndroidManifest.xml:25:13-27:85
106                android:name="com.google.firebase.components:com.google.firebase.appcheck.FirebaseAppCheckKtxRegistrar"
106-->[com.google.firebase:firebase-appcheck:17.1.1] AndroidManifest.xml:26:17-120
107                android:value="com.google.firebase.components.ComponentRegistrar" />
107-->[com.google.firebase:firebase-appcheck:17.1.1] AndroidManifest.xml:27:17-82
108            <meta-data
108-->[com.google.firebase:firebase-appcheck:17.1.1] AndroidManifest.xml:28:13-30:85
109                android:name="com.google.firebase.components:com.google.firebase.appcheck.FirebaseAppCheckRegistrar"
109-->[com.google.firebase:firebase-appcheck:17.1.1] AndroidManifest.xml:29:17-117
110                android:value="com.google.firebase.components.ComponentRegistrar" />
110-->[com.google.firebase:firebase-appcheck:17.1.1] AndroidManifest.xml:30:17-82
111            <meta-data
111-->[com.google.firebase:firebase-installations:17.2.0] AndroidManifest.xml:15:13-17:85
112                android:name="com.google.firebase.components:com.google.firebase.installations.FirebaseInstallationsKtxRegistrar"
112-->[com.google.firebase:firebase-installations:17.2.0] AndroidManifest.xml:16:17-130
113                android:value="com.google.firebase.components.ComponentRegistrar" />
113-->[com.google.firebase:firebase-installations:17.2.0] AndroidManifest.xml:17:17-82
114            <meta-data
114-->[com.google.firebase:firebase-installations:17.2.0] AndroidManifest.xml:18:13-20:85
115                android:name="com.google.firebase.components:com.google.firebase.installations.FirebaseInstallationsRegistrar"
115-->[com.google.firebase:firebase-installations:17.2.0] AndroidManifest.xml:19:17-127
116                android:value="com.google.firebase.components.ComponentRegistrar" />
116-->[com.google.firebase:firebase-installations:17.2.0] AndroidManifest.xml:20:17-82
117            <meta-data
117-->[com.google.firebase:firebase-common-ktx:20.4.2] AndroidManifest.xml:12:13-14:85
118                android:name="com.google.firebase.components:com.google.firebase.ktx.FirebaseCommonLegacyRegistrar"
118-->[com.google.firebase:firebase-common-ktx:20.4.2] AndroidManifest.xml:13:17-116
119                android:value="com.google.firebase.components.ComponentRegistrar" />
119-->[com.google.firebase:firebase-common-ktx:20.4.2] AndroidManifest.xml:14:17-82
120            <meta-data
120-->[com.google.firebase:firebase-common:20.4.2] AndroidManifest.xml:35:13-37:85
121                android:name="com.google.firebase.components:com.google.firebase.FirebaseCommonKtxRegistrar"
121-->[com.google.firebase:firebase-common:20.4.2] AndroidManifest.xml:36:17-109
122                android:value="com.google.firebase.components.ComponentRegistrar" />
122-->[com.google.firebase:firebase-common:20.4.2] AndroidManifest.xml:37:17-82
123        </service>
124
125        <activity
125-->[com.google.firebase:firebase-auth:22.3.0] AndroidManifest.xml:29:9-46:20
126            android:name="com.google.firebase.auth.internal.GenericIdpActivity"
126-->[com.google.firebase:firebase-auth:22.3.0] AndroidManifest.xml:30:13-80
127            android:excludeFromRecents="true"
127-->[com.google.firebase:firebase-auth:22.3.0] AndroidManifest.xml:31:13-46
128            android:exported="true"
128-->[com.google.firebase:firebase-auth:22.3.0] AndroidManifest.xml:32:13-36
129            android:launchMode="singleTask"
129-->[com.google.firebase:firebase-auth:22.3.0] AndroidManifest.xml:33:13-44
130            android:theme="@android:style/Theme.Translucent.NoTitleBar" >
130-->[com.google.firebase:firebase-auth:22.3.0] AndroidManifest.xml:34:13-72
131            <intent-filter>
131-->[com.google.firebase:firebase-auth:22.3.0] AndroidManifest.xml:35:13-45:29
132                <action android:name="android.intent.action.VIEW" />
132-->[com.google.firebase:firebase-auth:22.3.0] AndroidManifest.xml:36:17-69
132-->[com.google.firebase:firebase-auth:22.3.0] AndroidManifest.xml:36:25-66
133
134                <category android:name="android.intent.category.DEFAULT" />
134-->[com.google.firebase:firebase-auth:22.3.0] AndroidManifest.xml:38:17-76
134-->[com.google.firebase:firebase-auth:22.3.0] AndroidManifest.xml:38:27-73
135                <category android:name="android.intent.category.BROWSABLE" />
135-->[com.google.firebase:firebase-auth:22.3.0] AndroidManifest.xml:39:17-78
135-->[com.google.firebase:firebase-auth:22.3.0] AndroidManifest.xml:39:27-75
136
137                <data
137-->[com.google.firebase:firebase-auth:22.3.0] AndroidManifest.xml:41:17-44:51
138                    android:host="firebase.auth"
138-->[com.google.firebase:firebase-auth:22.3.0] AndroidManifest.xml:42:21-49
139                    android:path="/"
139-->[com.google.firebase:firebase-auth:22.3.0] AndroidManifest.xml:43:21-37
140                    android:scheme="genericidp" />
140-->[com.google.firebase:firebase-auth:22.3.0] AndroidManifest.xml:44:21-48
141            </intent-filter>
142        </activity>
143        <activity
143-->[com.google.firebase:firebase-auth:22.3.0] AndroidManifest.xml:47:9-64:20
144            android:name="com.google.firebase.auth.internal.RecaptchaActivity"
144-->[com.google.firebase:firebase-auth:22.3.0] AndroidManifest.xml:48:13-79
145            android:excludeFromRecents="true"
145-->[com.google.firebase:firebase-auth:22.3.0] AndroidManifest.xml:49:13-46
146            android:exported="true"
146-->[com.google.firebase:firebase-auth:22.3.0] AndroidManifest.xml:50:13-36
147            android:launchMode="singleTask"
147-->[com.google.firebase:firebase-auth:22.3.0] AndroidManifest.xml:51:13-44
148            android:theme="@android:style/Theme.Translucent.NoTitleBar" >
148-->[com.google.firebase:firebase-auth:22.3.0] AndroidManifest.xml:52:13-72
149            <intent-filter>
149-->[com.google.firebase:firebase-auth:22.3.0] AndroidManifest.xml:53:13-63:29
150                <action android:name="android.intent.action.VIEW" />
150-->[com.google.firebase:firebase-auth:22.3.0] AndroidManifest.xml:36:17-69
150-->[com.google.firebase:firebase-auth:22.3.0] AndroidManifest.xml:36:25-66
151
152                <category android:name="android.intent.category.DEFAULT" />
152-->[com.google.firebase:firebase-auth:22.3.0] AndroidManifest.xml:38:17-76
152-->[com.google.firebase:firebase-auth:22.3.0] AndroidManifest.xml:38:27-73
153                <category android:name="android.intent.category.BROWSABLE" />
153-->[com.google.firebase:firebase-auth:22.3.0] AndroidManifest.xml:39:17-78
153-->[com.google.firebase:firebase-auth:22.3.0] AndroidManifest.xml:39:27-75
154
155                <data
155-->[com.google.firebase:firebase-auth:22.3.0] AndroidManifest.xml:41:17-44:51
156                    android:host="firebase.auth"
156-->[com.google.firebase:firebase-auth:22.3.0] AndroidManifest.xml:42:21-49
157                    android:path="/"
157-->[com.google.firebase:firebase-auth:22.3.0] AndroidManifest.xml:43:21-37
158                    android:scheme="recaptcha" />
158-->[com.google.firebase:firebase-auth:22.3.0] AndroidManifest.xml:44:21-48
159            </intent-filter>
160        </activity>
161
162        <property
162-->[com.google.android.gms:play-services-measurement-api:21.5.0] AndroidManifest.xml:30:9-32:61
163            android:name="android.adservices.AD_SERVICES_CONFIG"
163-->[com.google.android.gms:play-services-measurement-api:21.5.0] AndroidManifest.xml:31:13-65
164            android:resource="@xml/ga_ad_services_config" />
164-->[com.google.android.gms:play-services-measurement-api:21.5.0] AndroidManifest.xml:32:13-58
165
166        <receiver
166-->[com.google.android.gms:play-services-measurement:21.5.0] AndroidManifest.xml:29:9-33:20
167            android:name="com.google.android.gms.measurement.AppMeasurementReceiver"
167-->[com.google.android.gms:play-services-measurement:21.5.0] AndroidManifest.xml:30:13-85
168            android:enabled="true"
168-->[com.google.android.gms:play-services-measurement:21.5.0] AndroidManifest.xml:31:13-35
169            android:exported="false" >
169-->[com.google.android.gms:play-services-measurement:21.5.0] AndroidManifest.xml:32:13-37
170        </receiver>
171
172        <service
172-->[com.google.android.gms:play-services-measurement:21.5.0] AndroidManifest.xml:35:9-38:40
173            android:name="com.google.android.gms.measurement.AppMeasurementService"
173-->[com.google.android.gms:play-services-measurement:21.5.0] AndroidManifest.xml:36:13-84
174            android:enabled="true"
174-->[com.google.android.gms:play-services-measurement:21.5.0] AndroidManifest.xml:37:13-35
175            android:exported="false" />
175-->[com.google.android.gms:play-services-measurement:21.5.0] AndroidManifest.xml:38:13-37
176        <service
176-->[com.google.android.gms:play-services-measurement:21.5.0] AndroidManifest.xml:39:9-43:72
177            android:name="com.google.android.gms.measurement.AppMeasurementJobService"
177-->[com.google.android.gms:play-services-measurement:21.5.0] AndroidManifest.xml:40:13-87
178            android:enabled="true"
178-->[com.google.android.gms:play-services-measurement:21.5.0] AndroidManifest.xml:41:13-35
179            android:exported="false"
179-->[com.google.android.gms:play-services-measurement:21.5.0] AndroidManifest.xml:42:13-37
180            android:permission="android.permission.BIND_JOB_SERVICE" />
180-->[com.google.android.gms:play-services-measurement:21.5.0] AndroidManifest.xml:43:13-69
181
182        <uses-library
182-->[androidx.privacysandbox.ads:ads-adservices:1.0.0-beta05] AndroidManifest.xml:23:9-25:40
183            android:name="android.ext.adservices"
183-->[androidx.privacysandbox.ads:ads-adservices:1.0.0-beta05] AndroidManifest.xml:24:13-50
184            android:required="false" />
184-->[androidx.privacysandbox.ads:ads-adservices:1.0.0-beta05] AndroidManifest.xml:25:13-37
185        <uses-library
185-->[androidx.window:window:1.0.0-beta04] AndroidManifest.xml:25:9-27:40
186            android:name="androidx.window.extensions"
186-->[androidx.window:window:1.0.0-beta04] AndroidManifest.xml:26:13-54
187            android:required="false" />
187-->[androidx.window:window:1.0.0-beta04] AndroidManifest.xml:27:13-37
188        <uses-library
188-->[androidx.window:window:1.0.0-beta04] AndroidManifest.xml:28:9-30:40
189            android:name="androidx.window.sidecar"
189-->[androidx.window:window:1.0.0-beta04] AndroidManifest.xml:29:13-51
190            android:required="false" />
190-->[androidx.window:window:1.0.0-beta04] AndroidManifest.xml:30:13-37
191
192        <provider
192-->[com.google.firebase:firebase-common:20.4.2] AndroidManifest.xml:23:9-28:39
193            android:name="com.google.firebase.provider.FirebaseInitProvider"
193-->[com.google.firebase:firebase-common:20.4.2] AndroidManifest.xml:24:13-77
194            android:authorities="com.example.ap.firebaseinitprovider"
194-->[com.google.firebase:firebase-common:20.4.2] AndroidManifest.xml:25:13-72
195            android:directBootAware="true"
195-->[com.google.firebase:firebase-common:20.4.2] AndroidManifest.xml:26:13-43
196            android:exported="false"
196-->[com.google.firebase:firebase-common:20.4.2] AndroidManifest.xml:27:13-37
197            android:initOrder="100" />
197-->[com.google.firebase:firebase-common:20.4.2] AndroidManifest.xml:28:13-36
198
199        <activity
199-->[com.google.android.gms:play-services-base:18.0.1] AndroidManifest.xml:20:9-22:45
200            android:name="com.google.android.gms.common.api.GoogleApiActivity"
200-->[com.google.android.gms:play-services-base:18.0.1] AndroidManifest.xml:20:19-85
201            android:exported="false"
201-->[com.google.android.gms:play-services-base:18.0.1] AndroidManifest.xml:22:19-43
202            android:theme="@android:style/Theme.Translucent.NoTitleBar" />
202-->[com.google.android.gms:play-services-base:18.0.1] AndroidManifest.xml:21:19-78
203
204        <meta-data
204-->[com.google.android.gms:play-services-basement:18.1.0] AndroidManifest.xml:21:9-23:69
205            android:name="com.google.android.gms.version"
205-->[com.google.android.gms:play-services-basement:18.1.0] AndroidManifest.xml:22:13-58
206            android:value="@integer/google_play_services_version" />
206-->[com.google.android.gms:play-services-basement:18.1.0] AndroidManifest.xml:23:13-66
207    </application>
208
209</manifest>